18:26:10.705 [AWT-EventQueue-0] INFO  c.b.actions.EnableBrowserStack - Setting enable browserstack run update
18:26:10.714 [AWT-EventQueue-0] INFO  c.b.actions.DisableBrowserStack - Setting disable browserstack run update
06:20:58.951 [AWT-EventQueue-0] INFO  c.b.actions.EnableBrowserStack - Setting enable browserstack run update
06:20:58.955 [AWT-EventQueue-0] INFO  c.b.actions.DisableBrowserStack - Setting disable browserstack run update
07:08:48.532 [AWT-EventQueue-0] INFO  c.b.actions.EnableBrowserStack - Setting enable browserstack run update
07:08:48.539 [AWT-EventQueue-0] INFO  c.b.actions.DisableBrowserStack - Setting disable browserstack run update
07:08:50.314 [AWT-EventQueue-0] INFO  c.b.actions.EnableBrowserStack - Setting enable browserstack run update
07:08:50.321 [AWT-EventQueue-0] INFO  c.b.actions.DisableBrowserStack - Setting disable browserstack run update
12:02:14.445 [ApplicationImpl pooled thread 774] INFO  c.b.l.BrowserStackRunExtension - junit
12:02:14.445 [ApplicationImpl pooled thread 774] INFO  com.browserstack.utils.Helpers - null
12:02:14.445 [ApplicationImpl pooled thread 774] INFO  c.b.l.BrowserStackRunExtension - Agent path: null
12:05:34.504 [ApplicationImpl pooled thread 780] INFO  c.b.l.BrowserStackRunExtension - junit
12:05:34.504 [ApplicationImpl pooled thread 780] INFO  com.browserstack.utils.Helpers - null
12:05:34.505 [ApplicationImpl pooled thread 780] INFO  c.b.l.BrowserStackRunExtension - Agent path: null
12:07:56.062 [ApplicationImpl pooled thread 789] INFO  c.b.l.BrowserStackRunExtension - junit
12:07:56.063 [ApplicationImpl pooled thread 789] INFO  com.browserstack.utils.Helpers - null
12:07:56.063 [ApplicationImpl pooled thread 789] INFO  c.b.l.BrowserStackRunExtension - Agent path: null
12:08:37.666 [ApplicationImpl pooled thread 784] INFO  c.b.l.BrowserStackRunExtension - junit
12:08:37.666 [ApplicationImpl pooled thread 784] INFO  com.browserstack.utils.Helpers - null
12:08:37.667 [ApplicationImpl pooled thread 784] INFO  c.b.l.BrowserStackRunExtension - Agent path: null
12:10:23.915 [ApplicationImpl pooled thread 794] INFO  c.b.l.BrowserStackRunExtension - junit
12:10:23.915 [ApplicationImpl pooled thread 794] INFO  com.browserstack.utils.Helpers - null
12:10:23.915 [ApplicationImpl pooled thread 794] INFO  c.b.l.BrowserStackRunExtension - Agent path: null
12:19:18.525 [ApplicationImpl pooled thread 797] INFO  c.b.l.BrowserStackRunExtension - junit
12:19:18.525 [ApplicationImpl pooled thread 797] INFO  com.browserstack.utils.Helpers - null
12:19:18.525 [ApplicationImpl pooled thread 797] INFO  c.b.l.BrowserStackRunExtension - Agent path: null
12:26:04.295 [ApplicationImpl pooled thread 823] INFO  c.b.l.BrowserStackRunExtension - cucumber java
12:26:04.295 [ApplicationImpl pooled thread 823] INFO  com.browserstack.utils.Helpers - null
12:26:04.295 [ApplicationImpl pooled thread 823] INFO  c.b.l.BrowserStackRunExtension - Agent path: null
18:45:39.250 [ApplicationImpl pooled thread 35] INFO  c.b.l.BrowserStackRunExtension - junit
18:45:39.251 [ApplicationImpl pooled thread 35] INFO  com.browserstack.utils.Helpers - null
18:45:39.251 [ApplicationImpl pooled thread 35] INFO  c.b.l.BrowserStackRunExtension - Agent path: null
18:47:58.990 [ApplicationImpl pooled thread 32] INFO  c.b.l.BrowserStackRunExtension - junit
18:47:58.990 [ApplicationImpl pooled thread 32] INFO  com.browserstack.utils.Helpers - null
18:47:58.990 [ApplicationImpl pooled thread 32] INFO  c.b.l.BrowserStackRunExtension - Agent path: null
18:49:08.828 [ApplicationImpl pooled thread 47] INFO  c.b.l.BrowserStackRunExtension - cucumber java
18:49:08.829 [ApplicationImpl pooled thread 47] INFO  com.browserstack.utils.Helpers - null
18:49:08.829 [ApplicationImpl pooled thread 47] INFO  c.b.l.BrowserStackRunExtension - Agent path: null
18:50:30.927 [ApplicationImpl pooled thread 50] INFO  c.b.l.BrowserStackRunExtension - cucumber java
18:50:30.927 [ApplicationImpl pooled thread 50] INFO  com.browserstack.utils.Helpers - null
18:50:30.928 [ApplicationImpl pooled thread 50] INFO  c.b.l.BrowserStackRunExtension - Agent path: null
18:51:39.725 [ApplicationImpl pooled thread 50] INFO  c.b.l.BrowserStackRunExtension - cucumber java
18:51:39.726 [ApplicationImpl pooled thread 50] INFO  com.browserstack.utils.Helpers - null
18:51:39.727 [ApplicationImpl pooled thread 50] INFO  c.b.l.BrowserStackRunExtension - Agent path: null
18:52:20.278 [ApplicationImpl pooled thread 51] INFO  c.b.l.BrowserStackRunExtension - cucumber java
18:52:20.279 [ApplicationImpl pooled thread 51] INFO  com.browserstack.utils.Helpers - null
18:52:20.279 [ApplicationImpl pooled thread 51] INFO  c.b.l.BrowserStackRunExtension - Agent path: null
19:13:07.059 [ApplicationImpl pooled thread 61] INFO  c.b.l.BrowserStackRunExtension - cucumber java
19:13:07.059 [ApplicationImpl pooled thread 61] INFO  com.browserstack.utils.Helpers - null
19:13:07.060 [ApplicationImpl pooled thread 61] INFO  c.b.l.BrowserStackRunExtension - Agent path: null
19:13:46.335 [ApplicationImpl pooled thread 82] INFO  c.b.l.BrowserStackRunExtension - cucumber java
19:13:46.335 [ApplicationImpl pooled thread 82] INFO  com.browserstack.utils.Helpers - null
19:13:46.336 [ApplicationImpl pooled thread 82] INFO  c.b.l.BrowserStackRunExtension - Agent path: null
19:23:26.309 [ApplicationImpl pooled thread 103] INFO  c.b.l.BrowserStackRunExtension - cucumber java
19:23:26.310 [ApplicationImpl pooled thread 103] INFO  com.browserstack.utils.Helpers - null
19:23:26.311 [ApplicationImpl pooled thread 103] INFO  c.b.l.BrowserStackRunExtension - Agent path: null
19:27:48.737 [ApplicationImpl pooled thread 103] INFO  c.b.l.BrowserStackRunExtension - cucumber java
19:27:48.737 [ApplicationImpl pooled thread 103] INFO  com.browserstack.utils.Helpers - null
19:27:48.738 [ApplicationImpl pooled thread 103] INFO  c.b.l.BrowserStackRunExtension - Agent path: null
